{"level": "INFO", "module": "system", "message": "hello", "detail": "detail"}
{"timestamp": "2026-06-06T14:00:39.896959", "level": "ERROR", "module": "schedule", "message": "list today failed", "detail": "user_id=1 result=Traceback (most recent call last):\r\n  File \"D:\\myself\\2\\CampusPilot_NJFU\\shell\\schedule\\schedule_scraper.py\", line 19, in <module>\r\n    from bs4 import BeautifulSoup\r\nModuleNotFoundError: No module named 'bs4'"}
{"timestamp": "2026-06-06T14:02:05.457377", "level": "ERROR", "module": "schedule", "message": "list today failed", "detail": "user_id=1 result=Traceback (most recent call last):\r\n  File \"D:\\myself\\2\\CampusPilot_NJFU\\shell\\schedule\\schedule_scraper.py\", line 19, in <module>\r\n    from bs4 import BeautifulSoup\r\nModuleNotFoundError: No module named 'bs4'"}
{"timestamp": "2026-06-06T14:33:00.622188", "level": "INFO", "module": "auth", "message": "interactive webvpn login started in background", "detail": "user_id=1 pid=238"}
{"timestamp": "2026-06-06T14:40:12.615510", "level": "INFO", "module": "auth", "message": "interactive webvpn login started in background", "detail": "user_id=1 pid=1328"}
{"timestamp": "2026-06-06T15:58:02.017075", "level": "INFO", "module": "auth", "message": "interactive webvpn login started in background", "detail": "user_id=1 pid=374"}
{"timestamp": "2026-06-06T16:19:49.158255", "level": "ERROR", "module": "schedule", "message": "list today failed", "detail": "user_id=1 result=Traceback (most recent call last):\r\n  File \"D:\\myself\\2\\CampusPilot_NJFU\\shell\\schedule\\schedule_scraper.py\", line 19, in <module>\r\n    from bs4 import BeautifulSoup\r\nModuleNotFoundError: No module named 'bs4'"}
{"timestamp": "2026-06-06T16:20:05.344169", "level": "INFO", "module": "auth", "message": "interactive webvpn login started in background", "detail": "user_id=1 pid=530"}
{"timestamp": "2026-06-06T16:25:43.704221", "level": "INFO", "module": "auth", "message": "interactive webvpn login started in background", "detail": "user_id=1 pid=1429"}
{"timestamp": "2026-06-06T16:27:24.242630", "level": "ERROR", "module": "schedule", "message": "list today failed", "detail": "user_id=1 result=Traceback (most recent call last):\r\n  File \"D:\\myself\\2\\CampusPilot_NJFU\\shell\\schedule\\schedule_scraper.py\", line 19, in <module>\r\n    from bs4 import BeautifulSoup\r\nModuleNotFoundError: No module named 'bs4'"}
{"timestamp": "2026-06-06T16:27:36.328303", "level": "WARNING", "module": "schedule", "message": "webvpn session invalid before schedule sync", "detail": "user_id=1 result={\"success\": false, \"message\": \"no such table: campus_accounts\", \"data\": null}"}
{"timestamp": "2026-06-06T16:27:43.369436", "level": "INFO", "module": "schedule", "message": "detecting schedule changes", "detail": "user_id=1"}
{"timestamp": "2026-06-06T16:27:44.254589", "level": "ERROR", "module": "schedule", "message": "detect changes failed", "detail": "user_id=1 result=Traceback (most recent call last):\r\n  File \"D:\\myself\\2\\CampusPilot_NJFU\\shell\\schedule\\schedule_scraper.py\", line 19, in <module>\r\n    from bs4 import BeautifulSoup\r\nModuleNotFoundError: No module named 'bs4'"}
{"timestamp": "2026-06-06T16:28:56.542636", "level": "WARNING", "module": "auth", "message": "webvpn session invalid", "detail": "user_id=1 result={\"success\": false, \"message\": \"no such table: campus_accounts\", \"data\": null}"}
{"timestamp": "2026-06-06T16:41:19.037032", "level": "INFO", "module": "auth", "message": "interactive webvpn login started in background", "detail": "user_id=1 pid=950"}
{"timestamp": "2026-06-06T16:42:12.096368", "level": "WARNING", "module": "auth", "message": "webvpn session invalid", "detail": "user_id=1 result={\"success\": false, \"message\": \"session invalid\", \"data\": {\"status_code\": 200, \"final_url\": \"https://webvpn.njfu.edu.cn/rump_frontend/login/\", \"reason\": \"webvpn login page, SSO not completed\"}}"}
{"timestamp": "2026-06-06T16:42:16.868671", "level": "WARNING", "module": "auth", "message": "webvpn session invalid", "detail": "user_id=1 result={\"success\": false, \"message\": \"session invalid\", \"data\": {\"status_code\": 200, \"final_url\": \"https://webvpn.njfu.edu.cn/rump_frontend/login/\", \"reason\": \"webvpn login page, SSO not completed\"}}"}
{"timestamp": "2026-06-06T16:42:21.563456", "level": "WARNING", "module": "auth", "message": "webvpn session invalid", "detail": "user_id=1 result={\"success\": false, \"message\": \"session invalid\", \"data\": {\"status_code\": 200, \"final_url\": \"https://webvpn.njfu.edu.cn/rump_frontend/login/\", \"reason\": \"webvpn login page, SSO not completed\"}}"}
{"timestamp": "2026-06-06T16:42:26.129534", "level": "WARNING", "module": "auth", "message": "webvpn session invalid", "detail": "user_id=1 result={\"success\": false, \"message\": \"session invalid\", \"data\": {\"status_code\": 200, \"final_url\": \"https://webvpn.njfu.edu.cn/rump_frontend/login/\", \"reason\": \"webvpn login page, SSO not completed\"}}"}
{"timestamp": "2026-06-06T16:42:30.735394", "level": "WARNING", "module": "auth", "message": "webvpn session invalid", "detail": "user_id=1 result={\"success\": false, \"message\": \"session invalid\", \"data\": {\"status_code\": 200, \"final_url\": \"https://webvpn.njfu.edu.cn/rump_frontend/login/\", \"reason\": \"webvpn login page, SSO not completed\"}}"}
{"timestamp": "2026-06-06T16:42:35.358185", "level": "WARNING", "module": "auth", "message": "webvpn session invalid", "detail": "user_id=1 result={\"success\": false, \"message\": \"session invalid\", \"data\": {\"status_code\": 200, \"final_url\": \"https://webvpn.njfu.edu.cn/rump_frontend/login/\", \"reason\": \"webvpn login page, SSO not completed\"}}"}
{"timestamp": "2026-06-06T16:42:40.009616", "level": "WARNING", "module": "auth", "message": "webvpn session invalid", "detail": "user_id=1 result={\"success\": false, \"message\": \"session invalid\", \"data\": {\"status_code\": 200, \"final_url\": \"https://webvpn.njfu.edu.cn/rump_frontend/login/\", \"reason\": \"webvpn login page, SSO not completed\"}}"}
{"timestamp": "2026-06-06T16:42:44.673059", "level": "WARNING", "module": "auth", "message": "webvpn session invalid", "detail": "user_id=1 result={\"success\": false, \"message\": \"session invalid\", \"data\": {\"status_code\": 200, \"final_url\": \"https://webvpn.njfu.edu.cn/rump_frontend/login/\", \"reason\": \"webvpn login page, SSO not completed\"}}"}
{"timestamp": "2026-06-06T16:42:50.055872", "level": "WARNING", "module": "auth", "message": "webvpn session invalid", "detail": "user_id=1 result={\"success\": false, \"message\": \"session invalid\", \"data\": {\"status_code\": 200, \"final_url\": \"https://webvpn.njfu.edu.cn/rump_frontend/login/\", \"reason\": \"webvpn login page, SSO not completed\"}}"}
{"timestamp": "2026-06-06T16:42:54.825492", "level": "WARNING", "module": "auth", "message": "webvpn session invalid", "detail": "user_id=1 result={\"success\": false, \"message\": \"session invalid\", \"data\": {\"status_code\": 200, \"final_url\": \"https://webvpn.njfu.edu.cn/rump_frontend/login/\", \"reason\": \"webvpn login page, SSO not completed\"}}"}
{"timestamp": "2026-06-06T16:42:59.506657", "level": "WARNING", "module": "auth", "message": "webvpn session invalid", "detail": "user_id=1 result={\"success\": false, \"message\": \"session invalid\", \"data\": {\"status_code\": 200, \"final_url\": \"https://webvpn.njfu.edu.cn/rump_frontend/login/\", \"reason\": \"webvpn login page, SSO not completed\"}}"}
{"timestamp": "2026-06-06T16:55:54.218710", "level": "INFO", "module": "auth", "message": "interactive webvpn login started in background", "detail": "user_id=1 pid=1772"}
{"timestamp": "2026-06-06T17:03:02.101810", "level": "INFO", "module": "auth", "message": "interactive webvpn login started in background", "detail": "user_id=1 pid=1006"}
{"timestamp": "2026-06-06T17:16:08.458979", "level": "INFO", "module": "auth", "message": "interactive webvpn login started in background", "detail": "user_id=1 pid=2052"}
{"timestamp": "2026-06-06T17:16:58.586710", "level": "INFO", "module": "auth", "message": "interactive webvpn login started in background", "detail": "user_id=1 pid=798"}
{"timestamp": "2026-06-06T18:03:17.111560", "level": "INFO", "module": "auth", "message": "interactive webvpn login started in background", "detail": "user_id=1 pid=1004"}
{"timestamp": "2026-06-06T18:08:36.654381", "level": "INFO", "module": "auth", "message": "interactive webvpn login started in background", "detail": "user_id=1 pid=402"}
{"timestamp": "2026-06-06T18:08:42.121677", "level": "WARNING", "module": "auth", "message": "webvpn session invalid", "detail": "user_id=1 result={\"success\": false, \"message\": \"session invalid\", \"data\": {\"status_code\": 200, \"final_url\": \"https://webvpn.njfu.edu.cn/rump_frontend/login/\", \"reason\": \"webvpn login page, SSO not completed\"}}"}
{"timestamp": "2026-06-06T18:08:47.257860", "level": "WARNING", "module": "auth", "message": "webvpn session invalid", "detail": "user_id=1 result={\"success\": false, \"message\": \"session invalid\", \"data\": {\"status_code\": 200, \"final_url\": \"https://webvpn.njfu.edu.cn/rump_frontend/login/\", \"reason\": \"webvpn login page, SSO not completed\"}}"}
{"timestamp": "2026-06-06T18:09:45.787438", "level": "ERROR", "module": "schedule", "message": "list today failed", "detail": "user_id=1 result=Traceback (most recent call last):\r\n  File \"D:\\myself\\2\\CampusPilot_NJFU\\shell\\schedule\\schedule_scraper.py\", line 19, in <module>\r\n    from bs4 import BeautifulSoup\r\nModuleNotFoundError: No module named 'bs4'"}
{"timestamp": "2026-06-06T18:09:50.203908", "level": "ERROR", "module": "schedule", "message": "list today failed", "detail": "user_id=1 result=Traceback (most recent call last):\r\n  File \"D:\\myself\\2\\CampusPilot_NJFU\\shell\\schedule\\schedule_scraper.py\", line 19, in <module>\r\n    from bs4 import BeautifulSoup\r\nModuleNotFoundError: No module named 'bs4'"}
{"timestamp": "2026-06-06T18:10:02.327654", "level": "WARNING", "module": "schedule", "message": "webvpn session invalid before schedule sync", "detail": "user_id=1 result={\"success\": false, \"message\": \"session invalid\", \"data\": {\"status_code\": 200, \"final_url\": \"https://webvpn.njfu.edu.cn/rump_frontend/login/\", \"reason\": \"webvpn login page, SSO not completed\"}}"}
{"timestamp": "2026-06-06T18:10:10.067581", "level": "ERROR", "module": "schedule", "message": "list today failed", "detail": "user_id=1 result=Traceback (most recent call last):\r\n  File \"D:\\myself\\2\\CampusPilot_NJFU\\shell\\schedule\\schedule_scraper.py\", line 19, in <module>\r\n    from bs4 import BeautifulSoup\r\nModuleNotFoundError: No module named 'bs4'"}
{"timestamp": "2026-06-06T18:10:13.702338", "level": "ERROR", "module": "schedule", "message": "list today failed", "detail": "user_id=1 result=Traceback (most recent call last):\r\n  File \"D:\\myself\\2\\CampusPilot_NJFU\\shell\\schedule\\schedule_scraper.py\", line 19, in <module>\r\n    from bs4 import BeautifulSoup\r\nModuleNotFoundError: No module named 'bs4'"}
{"timestamp": "2026-06-06T18:17:10.642348", "level": "INFO", "module": "auth", "message": "interactive webvpn login started in background", "detail": "user_id=1 pid=657"}
{"timestamp": "2026-06-06T18:17:16.033098", "level": "WARNING", "module": "auth", "message": "webvpn session invalid", "detail": "user_id=1 result={\"success\": false, \"message\": \"session invalid\", \"data\": {\"status_code\": 200, \"final_url\": \"https://webvpn.njfu.edu.cn/rump_frontend/login/\", \"reason\": \"webvpn login page, SSO not completed\"}}"}
{"timestamp": "2026-06-06T18:17:20.938616", "level": "WARNING", "module": "auth", "message": "webvpn session invalid", "detail": "user_id=1 result={\"success\": false, \"message\": \"session invalid\", \"data\": {\"status_code\": 200, \"final_url\": \"https://webvpn.njfu.edu.cn/rump_frontend/login/\", \"reason\": \"webvpn login page, SSO not completed\"}}"}
{"timestamp": "2026-06-06T18:34:14.253940", "level": "ERROR", "module": "schedule", "message": "list today failed", "detail": "user_id=1 result=Traceback (most recent call last):\r\n  File \"D:\\myself\\2\\CampusPilot_NJFU\\shell\\schedule\\schedule_scraper.py\", line 19, in <module>\r\n    from bs4 import BeautifulSoup\r\nModuleNotFoundError: No module named 'bs4'"}
{"timestamp": "2026-06-06T18:34:20.250121", "level": "ERROR", "module": "schedule", "message": "list today failed", "detail": "user_id=1 result=Traceback (most recent call last):\r\n  File \"D:\\myself\\2\\CampusPilot_NJFU\\shell\\schedule\\schedule_scraper.py\", line 19, in <module>\r\n    from bs4 import BeautifulSoup\r\nModuleNotFoundError: No module named 'bs4'"}
{"timestamp": "2026-06-06T18:35:06.219366", "level": "INFO", "module": "auth", "message": "interactive webvpn login started in background", "detail": "user_id=1 pid=1102"}
{"timestamp": "2026-06-06T18:35:11.979822", "level": "WARNING", "module": "auth", "message": "webvpn session invalid", "detail": "user_id=1 result={\"success\": false, \"message\": \"session invalid\", \"data\": {\"status_code\": 200, \"final_url\": \"https://webvpn.njfu.edu.cn/rump_frontend/login/\", \"reason\": \"webvpn login page, SSO not completed\"}}"}
{"timestamp": "2026-06-06T18:35:17.037782", "level": "WARNING", "module": "auth", "message": "webvpn session invalid", "detail": "user_id=1 result={\"success\": false, \"message\": \"session invalid\", \"data\": {\"status_code\": 200, \"final_url\": \"https://webvpn.njfu.edu.cn/rump_frontend/login/\", \"reason\": \"webvpn login page, SSO not completed\"}}"}
{"timestamp": "2026-06-06T18:36:51.593854", "level": "ERROR", "module": "schedule", "message": "list today failed", "detail": "user_id=1 result=Traceback (most recent call last):\r\n  File \"D:\\myself\\2\\CampusPilot_NJFU\\shell\\schedule\\schedule_scraper.py\", line 19, in <module>\r\n    from bs4 import BeautifulSoup\r\nModuleNotFoundError: No module named 'bs4'"}
{"timestamp": "2026-06-06T18:37:04.098254", "level": "INFO", "module": "auth", "message": "interactive webvpn login started in background", "detail": "user_id=1 pid=579"}
{"timestamp": "2026-06-06T18:37:08.801458", "level": "WARNING", "module": "auth", "message": "webvpn session invalid", "detail": "user_id=1 result={\"success\": false, \"message\": \"session invalid\", \"data\": {\"status_code\": 200, \"final_url\": \"https://webvpn.njfu.edu.cn/rump_frontend/login/\", \"reason\": \"webvpn login page, SSO not completed\"}}"}
{"timestamp": "2026-06-06T18:37:14.043728", "level": "WARNING", "module": "auth", "message": "webvpn session invalid", "detail": "user_id=1 result={\"success\": false, \"message\": \"session invalid\", \"data\": {\"status_code\": 200, \"final_url\": \"https://webvpn.njfu.edu.cn/rump_frontend/login/\", \"reason\": \"webvpn login page, SSO not completed\"}}"}
{"timestamp": "2026-06-06T18:37:18.810970", "level": "WARNING", "module": "auth", "message": "webvpn session invalid", "detail": "user_id=1 result={\"success\": false, \"message\": \"session invalid\", \"data\": {\"status_code\": 200, \"final_url\": \"https://webvpn.njfu.edu.cn/rump_frontend/login/\", \"reason\": \"webvpn login page, SSO not completed\"}}"}
{"timestamp": "2026-06-06T18:37:35.854577", "level": "INFO", "module": "auth", "message": "interactive webvpn login started in background", "detail": "user_id=1 pid=124"}
{"timestamp": "2026-06-06T18:37:40.849493", "level": "WARNING", "module": "auth", "message": "webvpn session invalid", "detail": "user_id=1 result={\"success\": false, \"message\": \"session invalid\", \"data\": {\"status_code\": 200, \"final_url\": \"https://webvpn.njfu.edu.cn/rump_frontend/login/\", \"reason\": \"webvpn login page, SSO not completed\"}}"}
{"timestamp": "2026-06-06T18:37:45.985856", "level": "WARNING", "module": "auth", "message": "webvpn session invalid", "detail": "user_id=1 result={\"success\": false, \"message\": \"session invalid\", \"data\": {\"status_code\": 200, \"final_url\": \"https://webvpn.njfu.edu.cn/rump_frontend/login/\", \"reason\": \"webvpn login page, SSO not completed\"}}"}
{"timestamp": "2026-06-06T18:39:04.348234", "level": "ERROR", "module": "schedule", "message": "list today failed", "detail": "user_id=1 result=Traceback (most recent call last):\r\n  File \"D:\\myself\\2\\CampusPilot_NJFU\\shell\\schedule\\schedule_scraper.py\", line 19, in <module>\r\n    from bs4 import BeautifulSoup\r\nModuleNotFoundError: No module named 'bs4'"}
{"timestamp": "2026-06-06T18:39:05.772304", "level": "ERROR", "module": "schedule", "message": "list today failed", "detail": "user_id=1 result=Traceback (most recent call last):\r\n  File \"D:\\myself\\2\\CampusPilot_NJFU\\shell\\schedule\\schedule_scraper.py\", line 19, in <module>\r\n    from bs4 import BeautifulSoup\r\nModuleNotFoundError: No module named 'bs4'"}
{"timestamp": "2026-06-06T18:52:00.834894", "level": "INFO", "module": "auth", "message": "interactive webvpn login started in background", "detail": "user_id=1 pid=976"}
{"timestamp": "2026-06-06T18:52:05.850754", "level": "WARNING", "module": "auth", "message": "webvpn session invalid", "detail": "user_id=1 result={\"success\": false, \"message\": \"session invalid\", \"data\": {\"status_code\": 200, \"final_url\": \"https://webvpn.njfu.edu.cn/rump_frontend/login/\", \"reason\": \"webvpn login page, SSO not completed\"}}"}
{"timestamp": "2026-06-06T18:52:10.888459", "level": "WARNING", "module": "auth", "message": "webvpn session invalid", "detail": "user_id=1 result={\"success\": false, \"message\": \"session invalid\", \"data\": {\"status_code\": 200, \"final_url\": \"https://webvpn.njfu.edu.cn/rump_frontend/login/\", \"reason\": \"webvpn login page, SSO not completed\"}}"}
{"timestamp": "2026-06-06T18:52:17.379639", "level": "WARNING", "module": "auth", "message": "webvpn session invalid", "detail": "user_id=1 result={\"success\": false, \"message\": \"session invalid\", \"data\": {\"status_code\": 200, \"final_url\": \"https://webvpn.njfu.edu.cn/rump_frontend/login/\", \"reason\": \"webvpn login page, SSO not completed\"}}"}
{"timestamp": "2026-06-06T18:52:22.931832", "level": "WARNING", "module": "auth", "message": "webvpn session invalid", "detail": "user_id=1 result={\"success\": false, \"message\": \"session invalid\", \"data\": {\"status_code\": 200, \"final_url\": \"https://webvpn.njfu.edu.cn/rump_frontend/login/\", \"reason\": \"webvpn login page, SSO not completed\"}}"}
{"timestamp": "2026-06-06T18:52:27.716703", "level": "WARNING", "module": "auth", "message": "webvpn session invalid", "detail": "user_id=1 result={\"success\": false, \"message\": \"session invalid\", \"data\": {\"status_code\": 200, \"final_url\": \"https://webvpn.njfu.edu.cn/rump_frontend/login/\", \"reason\": \"webvpn login page, SSO not completed\"}}"}
{"timestamp": "2026-06-06T18:52:54.036663", "level": "ERROR", "module": "schedule", "message": "list today failed", "detail": "user_id=1 result=Traceback (most recent call last):\r\n  File \"D:\\myself\\2\\CampusPilot_NJFU\\shell\\schedule\\schedule_scraper.py\", line 19, in <module>\r\n    from bs4 import BeautifulSoup\r\nModuleNotFoundError: No module named 'bs4'"}
{"timestamp": "2026-06-06T19:00:12.663217", "level": "ERROR", "module": "schedule", "message": "list today failed", "detail": "user_id=1 result={\"success\": false, \"message\": \"no such table: schedules\", \"data\": null}"}
{"timestamp": "2026-06-06T19:01:41.909041", "level": "INFO", "module": "schedule", "message": "task added", "detail": "user_id=1 task_id=1 title=1"}
{"timestamp": "2026-06-06T19:01:56.566690", "level": "INFO", "module": "schedule", "message": "task added", "detail": "user_id=1 task_id=2 title=1"}
{"timestamp": "2026-06-06T19:01:57.598840", "level": "INFO", "module": "schedule", "message": "task added", "detail": "user_id=1 task_id=3 title=1"}
{"timestamp": "2026-06-06T19:03:08.485947", "level": "ERROR", "module": "schedule", "message": "list today failed", "detail": "user_id=1 result={\"success\": false, \"message\": \"no such table: schedules\", \"data\": null}"}
{"timestamp": "2026-06-06T19:04:52.897888", "level": "ERROR", "module": "schedule", "message": "list today failed", "detail": "user_id=1 result={\"success\": false, \"message\": \"no such table: schedules\", \"data\": null}"}
